<?xml version="1.0" encoding="UTF-8"?>
<testsuites name="DemoTestSuite1" time="28" tests="2" failures="0" errors="0">
   <testsuite name="DemoTestSuite1" tests="2" failures="0" errors="0" time="28" timestamp="2019-03-12 12:07:01" hostname="Brandon - 10.227.144.145" id="Test Suites/Imported from Selenium IDE Scripts/DemoTestSuite1">
      <properties>
         <property name="deviceName" value=""/>
         <property name="devicePlatform" value=""/>
         <property name="logFolder" value="C:\\Users\\Brandon\\Katalon Studio\\First Project\\Reports\\Imported from Selenium IDE Scripts\\DemoTestSuite1\\20190312_120700"/>
         <property name="logFiles" value="C:\\Users\\Brandon\\Katalon Studio\\First Project\\Reports\\Imported from Selenium IDE Scripts\\DemoTestSuite1\\20190312_120700\\execution0.log"/>
         <property name="attachments" value=""/>
         <property name="hostName" value="Brandon - 10.227.144.145"/>
         <property name="os" value="Windows 10 64bit"/>
         <property name="katalonVersion" value="6.0.6.4"/>
         <property name="browser" value="Chrome 72.0.3626.121"/>
         <property name="hostAddress" value="10.227.144.145"/>
         <property name="sessionId" value="bc52c7785c818c6c696eda5ccdd05f07"/>
         <property name="seleniumVersion" value="3.7.1"/>
         <property name="proxyInformation" value="ProxyInformation{proxyOption=NO_PROXY, proxyServerType=HTTP, password=, proxyServerAddress=, proxyServerPort=0}"/>
         <property name="platform" value="Windows 10"/>
      </properties>
      <testcase name="Test Cases/Imported from Selenium IDE Scripts/DemoTestSuite1/DemoTestCase1" classname="Test Cases/Imported from Selenium IDE Scripts/DemoTestSuite1/DemoTestCase1" status="PASSED">
         <system-out><![CDATA[2019-03-12 12:07:02 - [TEST_CASE][PASSED] - Test Cases/Imported from Selenium IDE Scripts/DemoTestSuite1/DemoTestCase1: Test Cases/Imported from Selenium IDE Scripts/DemoTestSuite1/DemoTestCase1

2019-03-12 12:07:02 - [TEST_STEP][PASSED] - "----------------------------------------------------": null

2019-03-12 12:07:02 - [TEST_STEP][PASSED] - "This test case script is generated by Katalon Studio": null

2019-03-12 12:07:02 - [TEST_STEP][PASSED] - "Generated date: 12-Mar-2019 11:47:09 AM": null

2019-03-12 12:07:02 - [TEST_STEP][PASSED] - "File path: C:\Users\Brandon\Documents\Katalon Suites\DemoTestSuite1.html": null

2019-03-12 12:07:02 - [TEST_STEP][PASSED] - "Generated by: bolson@northwoodglobal.com": null

2019-03-12 12:07:02 - [TEST_STEP][PASSED] - baseUrl = "http://demo.guru99.com/test/login.html": null

2019-03-12 12:07:02 - [TEST_STEP][PASSED] - openBrowser(baseUrl): Browser is opened with url: 'http://demo.guru99.com/test/login.html'

2019-03-12 12:07:02 - [MESSAGE][INFO] - Starting 'Chrome' driver

2019-03-12 12:07:02 - [MESSAGE][INFO] - Action delay is set to 0 seconds

2019-03-12 12:07:08 - [MESSAGE][PASSED] - Browser is opened with url: 'http://demo.guru99.com/test/login.html'

2019-03-12 12:07:08 - [TEST_STEP][PASSED] - selenium = new com.kms.katalon.core.webui.driver.KatalonWebDriverBackedSelenium(baseUrl): null

2019-03-12 12:07:08 - [TEST_STEP][PASSED] - selenium.open("http://demo.guru99.com/test/login.html"): null

2019-03-12 12:07:09 - [TEST_STEP][PASSED] - selenium.click("id=email"): null

2019-03-12 12:07:09 - [TEST_STEP][PASSED] - selenium.type("id=email", "abcd@gmail.com"): null

2019-03-12 12:07:09 - [TEST_STEP][PASSED] - selenium.type("id=passwd", "abcde"): null

2019-03-12 12:07:09 - [TEST_STEP][PASSED] - selenium.type("id=email", ""): null

2019-03-12 12:07:09 - [TEST_STEP][PASSED] - selenium.type("id=passwd", ""): null

2019-03-12 12:07:09 - [TEST_STEP][PASSED] - selenium.click("id=email"): null

2019-03-12 12:07:09 - [TEST_STEP][PASSED] - selenium.type("id=email", "abcd@gmail.com"): null

2019-03-12 12:07:09 - [TEST_STEP][PASSED] - selenium.type("id=passwd", "abcde"): null

2019-03-12 12:07:09 - [TEST_STEP][PASSED] - selenium.click("xpath=(.//*[normalize-space(text()) and normalize-space(.)='Password'])[1]/following::span[2]"): null

2019-03-12 12:07:10 - [TEST_STEP][PASSED] - closeBrowser(): Browser is closed

2019-03-12 12:07:11 - [MESSAGE][PASSED] - Browser is closed]]></system-out>
         <system-err><![CDATA[]]></system-err>
      </testcase>
      <testcase name="Test Cases/Imported from Selenium IDE Scripts/DemoTestSuite1/DemoTestCase2" classname="Test Cases/Imported from Selenium IDE Scripts/DemoTestSuite1/DemoTestCase2" status="PASSED">
         <system-out><![CDATA[2019-03-12 12:07:11 - [TEST_CASE][PASSED] - Test Cases/Imported from Selenium IDE Scripts/DemoTestSuite1/DemoTestCase2: Test Cases/Imported from Selenium IDE Scripts/DemoTestSuite1/DemoTestCase2

2019-03-12 12:07:11 - [TEST_STEP][PASSED] - "----------------------------------------------------": null

2019-03-12 12:07:11 - [TEST_STEP][PASSED] - "This test case script is generated by Katalon Studio": null

2019-03-12 12:07:11 - [TEST_STEP][PASSED] - "Generated date: 12-Mar-2019 11:47:11 AM": null

2019-03-12 12:07:11 - [TEST_STEP][PASSED] - "File path: C:\Users\Brandon\Documents\Katalon Suites\DemoTestSuite1.html": null

2019-03-12 12:07:11 - [TEST_STEP][PASSED] - "Generated by: bolson@northwoodglobal.com": null

2019-03-12 12:07:11 - [TEST_STEP][PASSED] - baseUrl = "http://demo.guru99.com/test/radio.html": null

2019-03-12 12:07:11 - [TEST_STEP][PASSED] - openBrowser(baseUrl): Browser is opened with url: 'http://demo.guru99.com/test/radio.html'

2019-03-12 12:07:11 - [MESSAGE][INFO] - Starting 'Chrome' driver

2019-03-12 12:07:27 - [MESSAGE][PASSED] - Browser is opened with url: 'http://demo.guru99.com/test/radio.html'

2019-03-12 12:07:27 - [TEST_STEP][PASSED] - selenium = new com.kms.katalon.core.webui.driver.KatalonWebDriverBackedSelenium(baseUrl): null

2019-03-12 12:07:27 - [TEST_STEP][PASSED] - selenium.open("http://demo.guru99.com/test/radio.html"): null

2019-03-12 12:07:27 - [TEST_STEP][PASSED] - selenium.click("id=vfb-7-1"): null

2019-03-12 12:07:27 - [TEST_STEP][PASSED] - selenium.click("id=vfb-7-2"): null

2019-03-12 12:07:27 - [TEST_STEP][PASSED] - selenium.click("id=vfb-6-0"): null

2019-03-12 12:07:27 - [TEST_STEP][PASSED] - Assert.assertTrue(selenium.isChecked("id=vfb-6-0")): null

2019-03-12 12:07:27 - [TEST_STEP][PASSED] - selenium.open("http://demo.guru99.com/test/facebook.html"): null

2019-03-12 12:07:29 - [TEST_STEP][PASSED] - Assert.assertEquals("Selenium IDE Test", selenium.getTitle()): null

2019-03-12 12:07:29 - [TEST_STEP][PASSED] - selenium.click("id=persist_box"): null

2019-03-12 12:07:29 - [TEST_STEP][PASSED] - selenium.click("id=persist_box"): null

2019-03-12 12:07:29 - [TEST_STEP][PASSED] - selenium.type("id=email", "abcd@gmail.com"): null

2019-03-12 12:07:29 - [TEST_STEP][PASSED] - Assert.assertEquals("abcd@gmail.com", selenium.getValue("id=email")): null

2019-03-12 12:07:29 - [TEST_STEP][PASSED] - closeBrowser(): Browser is closed

2019-03-12 12:07:29 - [MESSAGE][PASSED] - Browser is closed]]></system-out>
         <system-err><![CDATA[]]></system-err>
      </testcase>
      <system-out><![CDATA[2019-03-12 12:07:01 - [TEST_SUITE][PASSED] - DemoTestSuite1: Test Cases/Imported from Selenium IDE Scripts/DemoTestSuite1/DemoTestCase2]]></system-out>
      <system-err><![CDATA[]]></system-err>
   </testsuite>
</testsuites>
