<?xml version="1.0" encoding="UTF-8"?>
<testsuites name="Setup3" time="28" tests="1" failures="0" errors="0">
   <testsuite name="Setup3" tests="1" failures="0" errors="0" time="28" timestamp="2019-04-05 11:09:26" hostname="DESKTOP-RB1T2I6$ - 10.227.144.145" id="Test Suites/Setup3">
      <properties>
         <property name="deviceName" value=""/>
         <property name="devicePlatform" value=""/>
         <property name="logFolder" value="C:\\Users\\Brandon\\Katalon Studio\\First Project\\Reports\\Setup3\\20190405_110922"/>
         <property name="logFiles" value="C:\\Users\\Brandon\\Katalon Studio\\First Project\\Reports\\Setup3\\20190405_110922\\execution0.log"/>
         <property name="attachments" value=""/>
         <property name="hostName" value="DESKTOP-RB1T2I6$ - 10.227.144.145"/>
         <property name="os" value="Windows 10 64bit"/>
         <property name="katalonVersion" value="6.0.6.4"/>
         <property name="browser" value="Chrome 73.0.3683.86"/>
         <property name="hostAddress" value="10.227.144.145"/>
         <property name="sessionId" value="d63e9d4b4b9b20e1225c964e46b275ae"/>
         <property name="seleniumVersion" value="3.7.1"/>
         <property name="proxyInformation" value="ProxyInformation{proxyOption=NO_PROXY, proxyServerType=HTTP, password=, proxyServerAddress=, proxyServerPort=0}"/>
         <property name="platform" value="Windows 10"/>
      </properties>
      <testcase name="Test Cases/Setup3" classname="Test Cases/Setup3" status="PASSED">
         <system-out><![CDATA[2019-04-05 11:09:27 - [TEST_CASE][PASSED] - Test Cases/Setup3: Test Cases/Setup3

2019-04-05 11:09:29 - [TEST_STEP][PASSED] - "----------------------------------------------------": null

2019-04-05 11:09:29 - [TEST_STEP][PASSED] - "This test case script is generated by Katalon Studio": null

2019-04-05 11:09:29 - [TEST_STEP][PASSED] - "Generated date: 26-Mar-2019 03:22:29 PM": null

2019-04-05 11:09:29 - [TEST_STEP][PASSED] - "File path: C:\Users\Brandon\Documents\Katalon Recorder Suites\Simple.html": null

2019-04-05 11:09:29 - [TEST_STEP][PASSED] - "Generated by: bolson@northwoodglobal.com": null

2019-04-05 11:09:29 - [TEST_STEP][PASSED] - baseUrl = "http://demo.guru99.com/test/login.html": null

2019-04-05 11:09:29 - [TEST_STEP][PASSED] - openBrowser(baseUrl): Browser is opened with url: 'http://demo.guru99.com/test/login.html'

2019-04-05 11:09:30 - [MESSAGE][INFO] - Starting 'Chrome' driver

2019-04-05 11:09:30 - [MESSAGE][INFO] - Action delay is set to 0 seconds

2019-04-05 11:09:40 - [MESSAGE][PASSED] - Browser is opened with url: 'http://demo.guru99.com/test/login.html'

2019-04-05 11:09:40 - [TEST_STEP][PASSED] - selenium = new com.kms.katalon.core.webui.driver.KatalonWebDriverBackedSelenium(baseUrl): null

2019-04-05 11:09:40 - [TEST_STEP][PASSED] - selenium.open("http://demo.guru99.com/test/login.html", ""): null

2019-04-05 11:09:42 - [TEST_STEP][PASSED] - selenium.click("id=email"): null

2019-04-05 11:09:42 - [TEST_STEP][PASSED] - selenium.type("id=email", "person"): null

2019-04-05 11:09:42 - [TEST_STEP][PASSED] - selenium.type("id=passwd", "password"): null

2019-04-05 11:09:42 - [TEST_STEP][PASSED] - selenium.click("id=SubmitLogin"): null

2019-04-05 11:09:45 - [TEST_STEP][PASSED] - selenium.click("//html/body/div[2]/div/div/a"): null

2019-04-05 11:09:52 - [TEST_STEP][PASSED] - selenium.waitForPageToLoad("3000"): null

2019-04-05 11:09:52 - [TEST_STEP][PASSED] - Assert.assertEquals("Meet Guru99 - Free Training Tutorials & Video for IT Courses", selenium.getTitle()): null

2019-04-05 11:09:52 - [TEST_STEP][PASSED] - closeBrowser(): Browser is closed

2019-04-05 11:09:53 - [MESSAGE][PASSED] - Browser is closed]]></system-out>
         <system-err><![CDATA[]]></system-err>
      </testcase>
      <system-out><![CDATA[2019-04-05 11:09:26 - [TEST_SUITE][PASSED] - Setup3: Test Cases/Setup3]]></system-out>
      <system-err><![CDATA[]]></system-err>
   </testsuite>
</testsuites>
