<?xml version="1.0" encoding="UTF-8"?>
<testsuites name="Setup2" time="25" tests="1" failures="0" errors="0">
   <testsuite name="Setup2" tests="1" failures="0" errors="0" time="25" timestamp="2019-04-04 15:26:00" hostname="Brandon - 10.227.144.145" id="Test Suites/Setup2">
      <properties>
         <property name="deviceName" value=""/>
         <property name="devicePlatform" value=""/>
         <property name="logFolder" value="C:\\Users\\Brandon\\Katalon Studio\\First Project\\Reports\\Setup2\\20190404_152559"/>
         <property name="logFiles" value="C:\\Users\\Brandon\\Katalon Studio\\First Project\\Reports\\Setup2\\20190404_152559\\execution0.log"/>
         <property name="attachments" value=""/>
         <property name="hostName" value="Brandon - 10.227.144.145"/>
         <property name="os" value="Windows 10 64bit"/>
         <property name="katalonVersion" value="6.0.6.4"/>
         <property name="browser" value="Firefox 66.0"/>
         <property name="hostAddress" value="10.227.144.145"/>
         <property name="sessionId" value="067550c2-6472-4173-824d-6522ce62a0a2"/>
         <property name="seleniumVersion" value="3.7.1"/>
         <property name="proxyInformation" value="ProxyInformation{proxyOption=NO_PROXY, proxyServerType=HTTP, password=, proxyServerAddress=, proxyServerPort=0}"/>
         <property name="platform" value="Windows 10"/>
      </properties>
      <testcase name="Test Cases/Setup2" classname="Test Cases/Setup2" status="PASSED">
         <system-out><![CDATA[2019-04-04 15:26:01 - [TEST_CASE][PASSED] - Test Cases/Setup2: Test Cases/Setup2

2019-04-04 15:26:01 - [TEST_STEP][PASSED] - "----------------------------------------------------": null

2019-04-04 15:26:01 - [TEST_STEP][PASSED] - "This test case script is generated by Katalon Studio": null

2019-04-04 15:26:01 - [TEST_STEP][PASSED] - "Generated date: 26-Mar-2019 03:22:29 PM": null

2019-04-04 15:26:01 - [TEST_STEP][PASSED] - "File path: C:\Users\Brandon\Documents\Katalon Recorder Suites\Simple.html": null

2019-04-04 15:26:01 - [TEST_STEP][PASSED] - "Generated by: bolson@northwoodglobal.com": null

2019-04-04 15:26:01 - [TEST_STEP][PASSED] - baseUrl = "http://demo.guru99.com/test/login.html": null

2019-04-04 15:26:01 - [TEST_STEP][PASSED] - openBrowser(baseUrl): Browser is opened with url: 'http://demo.guru99.com/test/login.html'

2019-04-04 15:26:02 - [MESSAGE][INFO] - Starting 'Firefox' driver

2019-04-04 15:26:02 - [MESSAGE][INFO] - User set preference: ['profile_name', 'Autotest']

2019-04-04 15:26:02 - [MESSAGE][INFO] - Action delay is set to 0 seconds

2019-04-04 15:26:09 - [MESSAGE][PASSED] - Browser is opened with url: 'http://demo.guru99.com/test/login.html'

2019-04-04 15:26:09 - [TEST_STEP][PASSED] - selenium = new com.kms.katalon.core.webui.driver.KatalonWebDriverBackedSelenium(baseUrl): null

2019-04-04 15:26:09 - [TEST_STEP][PASSED] - selenium.open("http://demo.guru99.com/test/login.html", ""): null

2019-04-04 15:26:09 - [TEST_STEP][PASSED] - selenium.click("id=email"): null

2019-04-04 15:26:10 - [TEST_STEP][PASSED] - selenium.type("id=email", "person"): null

2019-04-04 15:26:10 - [TEST_STEP][PASSED] - selenium.type("id=passwd", "password"): null

2019-04-04 15:26:10 - [TEST_STEP][PASSED] - selenium.click("id=SubmitLogin"): null

2019-04-04 15:26:11 - [TEST_STEP][PASSED] - selenium.click("//html/body/div[2]/div/div/a"): null

2019-04-04 15:26:23 - [TEST_STEP][PASSED] - Assert.assertEquals("Meet Guru99 - Free Training Tutorials & Video for IT Courses", selenium.getTitle()): null

2019-04-04 15:26:23 - [TEST_STEP][PASSED] - selenium.close(): null]]></system-out>
         <system-err><![CDATA[]]></system-err>
      </testcase>
      <system-out><![CDATA[2019-04-04 15:26:00 - [TEST_SUITE][INCOMPLETE] - Setup2: null]]></system-out>
      <system-err><![CDATA[2019-04-04 15:26:00 - [TEST_SUITE][INCOMPLETE] - Setup2: null]]></system-err>
   </testsuite>
</testsuites>
