<?xml version="1.0" encoding="UTF-8"?>
<testsuites name="Setup4" time="15" tests="1" failures="0" errors="0">
   <testsuite name="Setup4" tests="1" failures="0" errors="0" time="15" timestamp="2019-04-05 11:06:10" hostname="DESKTOP-RB1T2I6$ - 10.227.144.145" id="Test Suites/Setup4">
      <properties>
         <property name="deviceName" value=""/>
         <property name="devicePlatform" value=""/>
         <property name="logFolder" value="C:\\Users\\Brandon\\Katalon Studio\\First Project\\Reports\\Setup4\\20190405_110606"/>
         <property name="logFiles" value="C:\\Users\\Brandon\\Katalon Studio\\First Project\\Reports\\Setup4\\20190405_110606\\execution0.log"/>
         <property name="attachments" value=""/>
         <property name="hostName" value="DESKTOP-RB1T2I6$ - 10.227.144.145"/>
         <property name="os" value="Windows 10 64bit"/>
         <property name="katalonVersion" value="6.0.6.4"/>
         <property name="browser" value="Chrome 73.0.3683.86"/>
         <property name="hostAddress" value="10.227.144.145"/>
         <property name="sessionId" value="8b9014d051971952973e3bc51cd9fbad"/>
         <property name="seleniumVersion" value="3.7.1"/>
         <property name="proxyInformation" value="ProxyInformation{proxyOption=NO_PROXY, proxyServerType=HTTP, password=, proxyServerAddress=, proxyServerPort=0}"/>
         <property name="platform" value="Windows 10"/>
      </properties>
      <testcase name="Test Cases/Setup4" classname="Test Cases/Setup4" status="PASSED">
         <system-out><![CDATA[2019-04-05 11:06:11 - [TEST_CASE][PASSED] - Test Cases/Setup4: Test Cases/Setup4

2019-04-05 11:06:13 - [TEST_STEP][PASSED] - openBrowser(""): Browser is opened with url: ''

2019-04-05 11:06:14 - [MESSAGE][INFO] - Starting 'Chrome' driver

2019-04-05 11:06:14 - [MESSAGE][INFO] - Action delay is set to 0 seconds

2019-04-05 11:06:20 - [MESSAGE][PASSED] - Browser is opened with url: ''

2019-04-05 11:06:20 - [TEST_STEP][PASSED] - closeBrowser(): Browser is closed

2019-04-05 11:06:21 - [MESSAGE][PASSED] - Browser is closed

2019-04-05 11:06:21 - [TEST_STEP][PASSED] - openBrowser(""): Browser is opened with url: ''

2019-04-05 11:06:21 - [MESSAGE][INFO] - Starting 'Chrome' driver

2019-04-05 11:06:23 - [MESSAGE][PASSED] - Browser is opened with url: ''

2019-04-05 11:06:23 - [TEST_STEP][PASSED] - closeBrowser(): Browser is closed

2019-04-05 11:06:24 - [MESSAGE][PASSED] - Browser is closed]]></system-out>
         <system-err><![CDATA[]]></system-err>
      </testcase>
      <system-out><![CDATA[2019-04-05 11:06:10 - [TEST_SUITE][PASSED] - Setup4: Test Cases/Setup4]]></system-out>
      <system-err><![CDATA[]]></system-err>
   </testsuite>
</testsuites>
