<?xml version="1.0" encoding="UTF-8"?>
<testsuites name="Setup" time="11" tests="1" failures="0" errors="0">
   <testsuite name="Setup" tests="1" failures="0" errors="0" time="11" timestamp="2019-03-27 14:01:12" hostname="DESKTOP-RB1T2I6$ - 10.227.144.145" id="Test Suites/Setup">
      <properties>
         <property name="deviceName" value=""/>
         <property name="devicePlatform" value=""/>
         <property name="logFolder" value="C:\\Users\\Brandon\\Katalon Studio\\First Project\\Reports\\Setup\\20190327_140110"/>
         <property name="logFiles" value="C:\\Users\\Brandon\\Katalon Studio\\First Project\\Reports\\Setup\\20190327_140110\\execution0.log"/>
         <property name="attachments" value=""/>
         <property name="hostName" value="DESKTOP-RB1T2I6$ - 10.227.144.145"/>
         <property name="os" value="Windows 10 64bit"/>
         <property name="katalonVersion" value="6.0.6.4"/>
         <property name="browser" value="Chrome 73.0.3683.86"/>
         <property name="hostAddress" value="10.227.144.145"/>
         <property name="sessionId" value="66de904cb208bf3b730f34aa63af824a"/>
         <property name="seleniumVersion" value="3.7.1"/>
         <property name="proxyInformation" value="ProxyInformation{proxyOption=NO_PROXY, proxyServerType=HTTP, password=, proxyServerAddress=, proxyServerPort=0}"/>
         <property name="platform" value="Windows 10"/>
      </properties>
      <testcase name="Test Cases/Setup" classname="Test Cases/Setup" status="PASSED">
         <system-out><![CDATA[2019-03-27 14:01:12 - [TEST_CASE][PASSED] - Test Cases/Setup: Test Cases/Setup

2019-03-27 14:01:13 - [TEST_STEP][PASSED] - openBrowser(""): Browser is opened with url: ''

2019-03-27 14:01:14 - [MESSAGE][INFO] - Starting 'Chrome' driver

2019-03-27 14:01:14 - [MESSAGE][INFO] - Action delay is set to 0 seconds

2019-03-27 14:01:18 - [MESSAGE][PASSED] - Browser is opened with url: ''

2019-03-27 14:01:18 - [TEST_STEP][PASSED] - closeBrowser(): Browser is closed

2019-03-27 14:01:19 - [MESSAGE][PASSED] - Browser is closed

2019-03-27 14:01:19 - [TEST_STEP][PASSED] - openBrowser(""): Browser is opened with url: ''

2019-03-27 14:01:19 - [MESSAGE][INFO] - Starting 'Chrome' driver

2019-03-27 14:01:21 - [MESSAGE][PASSED] - Browser is opened with url: ''

2019-03-27 14:01:21 - [TEST_STEP][PASSED] - closeBrowser(): Browser is closed

2019-03-27 14:01:21 - [MESSAGE][PASSED] - Browser is closed]]></system-out>
         <system-err><![CDATA[]]></system-err>
      </testcase>
      <system-out><![CDATA[2019-03-27 14:01:12 - [TEST_SUITE][PASSED] - Setup: Test Cases/Setup]]></system-out>
      <system-err><![CDATA[]]></system-err>
   </testsuite>
</testsuites>
